[    0.000000] Linux version 4.15.0-135-generic (buildd@lgw01-amd64-005) (gcc version 7.5.0 (Ubuntu 7.5.0-3ubuntu1~18.04)) #139-Ubuntu SMP Mon Jan 18 17:38:24 UTC 2021 (Ubuntu 4.15.0-135.139-generic 4.15.18)
[    0.000000] Command line: BOOT_IMAGE=/boot/vmlinuz-4.15.0-135-generic root=UUID=db21665c-c1d2-4ef5-a8ae-7b42011149d9 ro console=tty1 console=ttyS0
[    0.000000] KERNEL supported cpus:
[    0.000000]   Intel GenuineIntel
[    0.000000]   AMD AuthenticAMD
[    0.000000]   Centaur CentaurHauls
[    0.000000] x86/fpu: Supporting XSAVE feature 0x001: 'x87 floating point registers'
[    0.000000] x86/fpu: Supporting XSAVE feature 0x002: 'SSE registers'
[    0.000000] x86/fpu: Supporting XSAVE feature 0x004: 'AVX registers'
[    0.000000] x86/fpu: xstate_offset[2]:  576, xstate_sizes[2]:  256
[    0.000000] x86/fpu: Enabled xstate features 0x7, context size is 832 bytes, using 'standard' format.
[    0.000000] e820: BIOS-provided physical RAM map:
[    0.000000] BIOS-e820: [mem 0x0000000000000000-0x000000000009fbff] usable
[    0.000000] BIOS-e820: [mem 0x000000000009fc00-0x000000000009ffff] reserved
[    0.000000] BIOS-e820: [mem 0x00000000000f0000-0x00000000000fffff] reserved
[    0.000000] BIOS-e820: [mem 0x0000000000100000-0x000000003ffeffff] usable
[    0.000000] BIOS-e820: [mem 0x000000003fff0000-0x000000003fffffff] ACPI data
[    0.000000] BIOS-e820: [mem 0x00000000fec00000-0x00000000fec00fff] reserved
[    0.000000] BIOS-e820: [mem 0x00000000fee00000-0x00000000fee00fff] reserved
[    0.000000] BIOS-e820: [mem 0x00000000fffc0000-0x00000000ffffffff] reserved
[    0.000000] NX (Execute Disable) protection: active
[    0.000000] SMBIOS 2.5 present.
[    0.000000] DMI: innotek GmbH VirtualBox/VirtualBox, BIOS VirtualBox 12/01/2006
[    0.000000] Hypervisor detected: KVM
[    0.000000] e820: last_pfn = 0x3fff0 max_arch_pfn = 0x400000000
[    0.000000] MTRR: Disabled
[    0.000000] x86/PAT: MTRRs disabled, skipping PAT initialization too.
[    0.000000] CPU MTRRs all blank - virtualized system.
[    0.000000] x86/PAT: Configuration [0-7]: WB  WT  UC- UC  WB  WT  UC- UC  
[    0.000000] found SMP MP-table at [mem 0x0009fff0-0x0009ffff]
[    0.000000] Scanning 1 areas for low memory corruption
[    0.000000] RAMDISK: [mem 0x3595d000-0x36ca5fff]
[    0.000000] ACPI: Early table checksum verification disabled
[    0.000000] ACPI: RSDP 0x00000000000E0000 000024 (v02 VBOX  )
[    0.000000] ACPI: XSDT 0x000000003FFF0030 00003C (v01 VBOX   VBOXXSDT 00000001 ASL  00000061)
[    0.000000] ACPI: FACP 0x000000003FFF00F0 0000F4 (v04 VBOX   VBOXFACP 00000001 ASL  00000061)
[    0.000000] ACPI: DSDT 0x000000003FFF0470 002325 (v02 VBOX   VBOXBIOS 00000002 INTL 20100528)
[    0.000000] ACPI: FACS 0x000000003FFF0200 000040
[    0.000000] ACPI: FACS 0x000000003FFF0200 000040
[    0.000000] ACPI: APIC 0x000000003FFF0240 000054 (v02 VBOX   VBOXAPIC 00000001 ASL  00000061)
[    0.000000] ACPI: SSDT 0x000000003FFF02A0 0001CC (v01 VBOX   VBOXCPUT 00000002 INTL 20100528)
[    0.000000] No NUMA configuration found
[    0.000000] Faking a node at [mem 0x0000000000000000-0x000000003ffeffff]
[    0.000000] NODE_DATA(0) allocated [mem 0x3ffc5000-0x3ffeffff]
[    0.000000] kvm-clock: cpu 0, msr 0:3ff44001, primary cpu clock
[    0.000000] kvm-clock: Using msrs 4b564d01 and 4b564d00
[    0.000000] kvm-clock: using sched offset of 5957194519 cycles
[    0.000000] clocksource: kvm-clock: mask: 0xffffffffffffffff max_cycles: 0x1cd42e4dffb, max_idle_ns: 881590591483 ns
[    0.000000] Zone ranges:
[    0.000000]   DMA      [mem 0x0000000000001000-0x0000000000ffffff]
[    0.000000]   DMA32    [mem 0x0000000001000000-0x000000003ffeffff]
[    0.000000]   Normal   empty
[    0.000000]   Device   empty
[    0.000000] Movable zone start for each node
[    0.000000] Early memory node ranges
[    0.000000]   node   0: [mem 0x0000000000001000-0x000000000009efff]
[    0.000000]   node   0: [mem 0x0000000000100000-0x000000003ffeffff]
[    0.000000] Reserved but unavailable: 98 pages
[    0.000000] Initmem setup node 0 [mem 0x0000000000001000-0x000000003ffeffff]
[    0.000000] ACPI: PM-Timer IO Port: 0x4008
[    0.000000] IOAPIC[0]: apic_id 1, version 32, address 0xfec00000, GSI 0-23
[    0.000000] ACPI: INT_SRC_OVR (bus 0 bus_irq 0 global_irq 2 dfl dfl)
[    0.000000] ACPI: INT_SRC_OVR (bus 0 bus_irq 9 global_irq 9 low level)
[    0.000000] Using ACPI (MADT) for SMP configuration information
[    0.000000] smpboot: Allowing 1 CPUs, 0 hotplug CPUs
[    0.000000] PM: Registered nosave memory: [mem 0x00000000-0x00000fff]
[    0.000000] PM: Registered nosave memory: [mem 0x0009f000-0x0009ffff]
[    0.000000] PM: Registered nosave memory: [mem 0x000a0000-0x000effff]
[    0.000000] PM: Registered nosave memory: [mem 0x000f0000-0x000fffff]
[    0.000000] e820: [mem 0x40000000-0xfebfffff] available for PCI devices
[    0.000000] Booting paravirtualized kernel on KVM
[    0.000000] clocksource: refined-jiffies: mask: 0xffffffff max_cycles: 0xffffffff, max_idle_ns: 7645519600211568 ns
[    0.000000] random: get_random_bytes called from start_kernel+0x99/0x500 with crng_init=0
[    0.000000] setup_percpu: NR_CPUS:8192 nr_cpumask_bits:1 nr_cpu_ids:1 nr_node_ids:1
[    0.000000] percpu: Embedded 45 pages/cpu s147456 r8192 d28672 u2097152
[    0.000000] PV qspinlock hash table entries: 256 (order: 0, 4096 bytes)
[    0.000000] Built 1 zonelists, mobility grouping on.  Total pages: 257913
[    0.000000] Policy zone: DMA32
[    0.000000] Kernel command line: BOOT_IMAGE=/boot/vmlinuz-4.15.0-135-generic root=UUID=db21665c-c1d2-4ef5-a8ae-7b42011149d9 ro console=tty1 console=ttyS0
[    0.000000] Memory: 982676K/1048120K available (12300K kernel code, 2482K rwdata, 4276K rodata, 2440K init, 2724K bss, 65444K reserved, 0K cma-reserved)
[    0.000000] SLUB: HWalign=64, Order=0-3, MinObjects=0, CPUs=1, Nodes=1
[    0.000000] Kernel/User page tables isolation: enabled
[    0.000000] ftrace: allocating 39422 entries in 154 pages
[    0.004000] Hierarchical RCU implementation.
[    0.004000] 	RCU restricting CPUs from NR_CPUS=8192 to nr_cpu_ids=1.
[    0.004000] 	Tasks RCU enabled.
[    0.004000] RCU: Adjusting geometry for rcu_fanout_leaf=16, nr_cpu_ids=1
[    0.004000] NR_IRQS: 524544, nr_irqs: 256, preallocated irqs: 16
[    0.004000] Console: colour VGA+ 80x25
[    0.004000] console [tty1] enabled
[    0.004000] console [ttyS0] enabled
[    0.004000] ACPI: Core revision 20170831
[    0.004000] ACPI: 2 ACPI AML tables successfully acquired and loaded
[    0.004000] APIC: Switch to symmetric I/O mode setup
[    0.004000] x2apic enabled
[    0.004000] Switched APIC routing to physical x2apic.
[    0.007785] ..TIMER: vector=0x30 apic1=0 pin1=2 apic2=-1 pin2=-1
[    0.008003] tsc: Detected 2594.120 MHz processor
[    0.012011] Calibrating delay loop (skipped) preset value.. 5188.24 BogoMIPS (lpj=10376480)
[    0.014666] pid_max: default: 32768 minimum: 301
[    0.016066] Security Framework initialized
[    0.017414] Yama: becoming mindful.
[    0.018615] AppArmor: AppArmor initialized
[    0.024000] Dentry cache hash table entries: 131072 (order: 8, 1048576 bytes)
[    0.024123] Inode-cache hash table entries: 65536 (order: 7, 524288 bytes)
[    0.028025] Mount-cache hash table entries: 2048 (order: 2, 16384 bytes)
[    0.030403] Mountpoint-cache hash table entries: 2048 (order: 2, 16384 bytes)
[    0.032561] process: using mwait in idle threads
[    0.034058] Last level iTLB entries: 4KB 512, 2MB 8, 4MB 8
[    0.036004] Last level dTLB entries: 4KB 512, 2MB 32, 4MB 32, 1GB 0
[    0.037957] Spectre V1 : Mitigation: usercopy/swapgs barriers and __user pointer sanitization
[    0.040005] Spectre V2 : Mitigation: Full generic retpoline
[    0.041729] Spectre V2 : Spectre v2 / SpectreRSB mitigation: Filling RSB on context switch
[    0.044003] Speculative Store Bypass: Vulnerable
[    0.045550] SRBDS: Unknown: Dependent on hypervisor status
[    0.048003] MDS: Mitigation: Clear CPU buffers
[    0.066583] Freeing SMP alternatives memory: 36K
[    0.178642] smpboot: CPU0: Intel(R) Core(TM) i5-3230M CPU @ 2.60GHz (family: 0x6, model: 0x3a, stepping: 0x9)
[    0.180000] Performance Events: unsupported p6 CPU model 58 no PMU driver, software events only.
[    0.180061] Hierarchical SRCU implementation.
[    0.184211] NMI watchdog: Perf event create on CPU 0 failed with -2
[    0.186219] NMI watchdog: Perf NMI watchdog permanently disabled
[    0.188000] smp: Bringing up secondary CPUs ...
[    0.188003] smp: Brought up 1 node, 1 CPU
[    0.189328] smpboot: Max logical packages: 1
[    0.192004] smpboot: Total of 1 processors activated (5188.24 BogoMIPS)
[    0.194287] devtmpfs: initialized
[    0.196111] x86/mm: Memory block size: 128MB
[    0.198039] evm: security.selinux
[    0.199356] evm: security.SMACK64
[    0.200006] evm: security.SMACK64EXEC
[    0.201227] evm: security.SMACK64TRANSMUTE
[    0.202568] evm: security.SMACK64MMAP
[    0.204003] evm: security.apparmor
[    0.205160] evm: security.ima
[    0.206192] evm: security.capability
[    0.208026] clocksource: jiffies: mask: 0xffffffff max_cycles: 0xffffffff, max_idle_ns: 7645041785100000 ns
[    0.211051] futex hash table entries: 256 (order: 2, 16384 bytes)
[    0.212084] pinctrl core: initialized pinctrl subsystem
[    0.214104] RTC time: 18:11:35, date: 02/11/21
[    0.216210] NET: Registered protocol family 16
[    0.217907] audit: initializing netlink subsys (disabled)
[    0.219871] cpuidle: using governor ladder
[    0.220004] cpuidle: using governor menu
[    0.221415] ACPI: bus type PCI registered
[    0.224004] acpiphp: ACPI Hot Plug PCI Controller Driver version: 0.5
[    0.226019] audit: type=2000 audit(1613067102.816:1): state=initialized audit_enabled=0 res=1
[    0.228185] PCI: Using configuration type 1 for base access
[    0.235145] HugeTLB registered 2.00 MiB page size, pre-allocated 0 pages
[    0.240000] ACPI: Added _OSI(Module Device)
[    0.240009] ACPI: Added _OSI(Processor Device)
[    0.244004] ACPI: Added _OSI(3.0 _SCP Extensions)
[    0.245525] ACPI: Added _OSI(Processor Aggregator Device)
[    0.248016] ACPI: Added _OSI(Linux-Dell-Video)
[    0.249442] ACPI: Added _OSI(Linux-Lenovo-NV-HDMI-Audio)
[    0.251123] ACPI: Added _OSI(Linux-HPI-Hybrid-Graphics)
[    0.252571] ACPI: Executed 1 blocks of module-level executable AML code
[    0.269011] ACPI: Interpreter enabled
[    0.270272] ACPI: (supports S0 S5)
[    0.271432] ACPI: Using IOAPIC for interrupt routing
[    0.272878] PCI: Using host bridge windows from ACPI; if necessary, use "pci=nocrs" and report a bug
[    0.276464] ACPI: Enabled 2 GPEs in block 00 to 07
[    0.297718] ACPI: PCI Root Bridge [PCI0] (domain 0000 [bus 00-ff])
[    0.299639] acpi PNP0A03:00: _OSC: OS supports [ASPM ClockPM Segments MSI]
[    0.301843] acpi PNP0A03:00: _OSC: not requesting OS control; OS requires [ExtendedConfig ASPM ClockPM MSI]
[    0.304025] acpi PNP0A03:00: fail to add MMCONFIG information, can't access extended PCI configuration space under this bridge.
[    0.308902] PCI host bridge to bus 0000:00
[    0.312005] pci_bus 0000:00: root bus resource [io  0x0000-0x0cf7 window]
[    0.314086] pci_bus 0000:00: root bus resource [io  0x0d00-0xffff window]
[    0.316005] pci_bus 0000:00: root bus resource [mem 0x000a0000-0x000bffff window]
[    0.318406] pci_bus 0000:00: root bus resource [mem 0x40000000-0xfdffffff window]
[    0.320005] pci_bus 0000:00: root bus resource [bus 00-ff]
[    0.326906] pci 0000:00:01.1: legacy IDE quirk: reg 0x10: [io  0x01f0-0x01f7]
[    0.328004] pci 0000:00:01.1: legacy IDE quirk: reg 0x14: [io  0x03f6]
[    0.330010] pci 0000:00:01.1: legacy IDE quirk: reg 0x18: [io  0x0170-0x0177]
[    0.332004] pci 0000:00:01.1: legacy IDE quirk: reg 0x1c: [io  0x0376]
[    0.355492] pci 0000:00:07.0: quirk: [io  0x4000-0x403f] claimed by PIIX4 ACPI
[    0.356023] pci 0000:00:07.0: quirk: [io  0x4100-0x410f] claimed by PIIX4 SMB
[    0.378127] ACPI: PCI Interrupt Link [LNKA] (IRQs 5 9 10 *11)
[    0.380443] ACPI: PCI Interrupt Link [LNKB] (IRQs 5 9 *10 11)
[    0.382615] ACPI: PCI Interrupt Link [LNKC] (IRQs 5 *9 10 11)
[    0.384294] ACPI: PCI Interrupt Link [LNKD] (IRQs 5 9 10 *11)
[    0.388592] SCSI subsystem initialized
[    0.389962] pci 0000:00:02.0: vgaarb: setting as boot VGA device
[    0.391826] pci 0000:00:02.0: vgaarb: VGA device added: decodes=io+mem,owns=io+mem,locks=none
[    0.392007] pci 0000:00:02.0: vgaarb: bridge control possible
[    0.396003] vgaarb: loaded
[    0.397006] ACPI: bus type USB registered
[    0.398394] usbcore: registered new interface driver usbfs
[    0.400000] usbcore: registered new interface driver hub
[    0.400022] usbcore: registered new device driver usb
[    0.401701] EDAC MC: Ver: 3.0.0
[    0.404539] PCI: Using ACPI for IRQ routing
[    0.406446] NetLabel: Initializing
[    0.407611] NetLabel:  domain hash size = 128
[    0.408003] NetLabel:  protocols = UNLABELED CIPSOv4 CALIPSO
[    0.409827] NetLabel:  unlabeled traffic allowed by default
[    0.412200] clocksource: Switched to clocksource kvm-clock
[    0.522602] VFS: Disk quotas dquot_6.6.0
[    0.524009] VFS: Dquot-cache hash table entries: 512 (order 0, 4096 bytes)
[    0.526378] AppArmor: AppArmor Filesystem Enabled
[    0.528139] pnp: PnP ACPI init
[    0.531977] pnp: PnP ACPI: found 3 devices
[    0.540534] clocksource: acpi_pm: mask: 0xffffff max_cycles: 0xffffff, max_idle_ns: 2085701024 ns
[    0.543445] NET: Registered protocol family 2
[    0.545143] TCP established hash table entries: 8192 (order: 4, 65536 bytes)
[    0.547319] TCP bind hash table entries: 8192 (order: 5, 131072 bytes)
[    0.549564] TCP: Hash tables configured (established 8192 bind 8192)
[    0.551588] UDP hash table entries: 512 (order: 2, 16384 bytes)
[    0.553740] UDP-Lite hash table entries: 512 (order: 2, 16384 bytes)
[    0.555759] NET: Registered protocol family 1
[    0.557261] pci 0000:00:00.0: Limiting direct PCI/PCI transfers
[    0.559133] pci 0000:00:01.0: Activating ISA DMA hang workarounds
[    0.561163] pci 0000:00:02.0: Video device with shadowed ROM at [mem 0x000c0000-0x000dffff]
[    0.564005] Unpacking initramfs...
[    1.909162] Freeing initrd memory: 19748K
[    1.910775] clocksource: tsc: mask: 0xffffffffffffffff max_cycles: 0x2564894ad1d, max_idle_ns: 440795232482 ns
[    1.913992] platform rtc_cmos: registered platform RTC device (no PNP device found)
[    1.916430] Scanning for low memory corruption every 60 seconds
[    1.919191] Initialise system trusted keyrings
[    1.920678] Key type blacklist registered
[    1.922112] workingset: timestamp_bits=36 max_order=18 bucket_order=0
[    1.927020] zbud: loaded
[    1.928970] squashfs: version 4.0 (2009/01/31) Phillip Lougher
[    1.931237] fuse init (API version 7.26)
[    1.934392] Key type asymmetric registered
[    1.935769] Asymmetric key parser 'x509' registered
[    1.937433] Block layer SCSI generic (bsg) driver version 0.4 loaded (major 246)
[    1.939868] io scheduler noop registered
[    1.941223] io scheduler deadline registered
[    1.942710] io scheduler cfq registered (default)
[    1.944734] ACPI: AC Adapter [AC] (on-line)
[    1.946244] input: Power Button as /devices/LNXSYSTM:00/LNXPWRBN:00/input/input0
[    1.948667] ACPI: Power Button [PWRF]
[    1.950012] input: Sleep Button as /devices/LNXSYSTM:00/LNXSLPBN:00/input/input1
[    1.952465] ACPI: Sleep Button [SLPF]
[    1.954073] Serial: 8250/16550 driver, 32 ports, IRQ sharing enabled
[    1.977687] 00:02: ttyS0 at I/O 0x3f8 (irq = 4, base_baud = 115200) is a 16550A
[    1.983454] Linux agpgart interface v0.103
[    1.987220] loop: module loaded
[    1.989383] scsi host0: ata_piix
[    1.990640] scsi host1: ata_piix
[    1.991826] ata1: PATA max UDMA/33 cmd 0x1f0 ctl 0x3f6 bmdma 0xd000 irq 14
[    1.993974] ata2: PATA max UDMA/33 cmd 0x170 ctl 0x376 bmdma 0xd008 irq 15
[    1.996944] libphy: Fixed MDIO Bus: probed
[    1.998340] tun: Universal TUN/TAP device driver, 1.6
[    2.000002] PPP generic driver version 2.4.2
[    2.001518] ehci_hcd: USB 2.0 'Enhanced' Host Controller (EHCI) Driver
[    2.003539] ehci-pci: EHCI PCI platform driver
[    2.005221] ehci-platform: EHCI generic platform driver
[    2.006883] ohci_hcd: USB 1.1 'Open' Host Controller (OHCI) Driver
[    2.009759] ohci-pci: OHCI PCI platform driver
[    2.011839] ohci-platform: OHCI generic platform driver
[    2.014262] uhci_hcd: USB Universal Host Controller Interface driver
[    2.017180] i8042: PNP: PS/2 Controller [PNP0303:PS2K,PNP0f03:PS2M] at 0x60,0x64 irq 1,12
[    2.021724] serio: i8042 KBD port at 0x60,0x64 irq 1
[    2.024070] serio: i8042 AUX port at 0x60,0x64 irq 12
[    2.026662] mousedev: PS/2 mouse device common for all mice
[    2.029890] input: AT Translated Set 2 keyboard as /devices/platform/i8042/serio0/input/input2
[    2.034162] rtc_cmos rtc_cmos: rtc core: registered rtc_cmos as rtc0
[    2.037314] rtc_cmos rtc_cmos: alarms up to one day, 114 bytes nvram
[    2.040181] i2c /dev entries driver
[    2.041919] device-mapper: uevent: version 1.0.3
[    2.044157] device-mapper: ioctl: 4.37.0-ioctl (2017-09-20) initialised: dm-devel@redhat.com
[    2.047866] ledtrig-cpu: registered to indicate activity on CPUs
[    2.050711] NET: Registered protocol family 10
[    2.057841] Segment Routing with IPv6
[    2.059143] NET: Registered protocol family 17
[    2.060746] Key type dns_resolver registered
[    2.062360] mce: Using 0 MCE banks
[    2.063596] RAS: Correctable Errors collector initialized.
[    2.065581] sched_clock: Marking stable (2065477928, 0)->(2594514364, -529036436)
[    2.068146] registered taskstats version 1
[    2.069570] Loading compiled-in X.509 certificates
[    2.074736] Loaded X.509 cert 'Build time autogenerated kernel key: 399a566a2ea98257ce6f7132c633527e9761cd56'
[    2.077965] zswap: loaded using pool lzo/zbud
[    2.085630] Key type big_key registered
[    2.086940] Key type trusted registered
[    2.090855] Key type encrypted registered
[    2.092197] AppArmor: AppArmor sha1 policy hashing enabled
[    2.094040] ima: No TPM chip found, activating TPM-bypass! (rc=-19)
[    2.095991] ima: Allocated hash algorithm: sha1
[    2.097534] evm: HMAC attrs: 0x1
[    2.099184]   Magic number: 9:327:190
[    2.100553] rtc_cmos rtc_cmos: setting system clock to 2021-02-11 18:11:37 UTC (1613067097)
[    2.103314] BIOS EDD facility v0.16 2004-Jun-25, 0 devices found
[    2.105245] EDD information not available.
[    2.194549] Freeing unused kernel image memory: 2440K
[    2.204256] Write protecting the kernel read-only data: 20480k
[    2.207527] Freeing unused kernel image memory: 2008K
[    2.209668] Freeing unused kernel image memory: 1868K
[    2.245278] x86/mm: Checked W+X mappings: passed, no W+X pages found.
[    2.247288] x86/mm: Checking user space page tables
[    2.281902] x86/mm: Checked W+X mappings: passed, no W+X pages found.
Loading, please wait...
starting version 237
[    2.556135] e1000: Intel(R) PRO/1000 Network Driver - version 7.3.21-k8-NAPI
[    2.558401] e1000: Copyright (c) 1999-2006 Intel Corporation.
[    2.565088] Fusion MPT base driver 3.04.20
[    2.566492] Copyright (c) 1999-2008 LSI Corporation
[    2.628185] Fusion MPT SPI Host driver 3.04.20
[    2.640816] AVX version of gcm_enc/dec engaged.
[    2.642394] AES CTR mode by8 optimization enabled
[    2.791993] input: ImExPS/2 Generic Explorer Mouse as /devices/platform/i8042/serio1/input/input4
[    3.109505] e1000 0000:00:03.0 eth0: (PCI:33MHz:32-bit) 02:9d:c8:d0:97:b6
[    3.111628] e1000 0000:00:03.0 eth0: Intel(R) PRO/1000 Network Connection
[    3.116130] mptbase: ioc0: Initiating bringup
[    3.214001] ioc0: LSI53C1030 A0: Capabilities={Initiator}
[    3.461912] scsi host2: ioc0: LSI53C1030 A0, FwRev=00000000h, Ports=1, MaxQ=256, IRQ=20
[    3.633115] scsi 2:0:0:0: Direct-Access     VBOX     HARDDISK         1.0  PQ: 0 ANSI: 5
[    3.647603] scsi target2:0:0: Beginning Domain Validation
[    3.655599] random: fast init done
[    3.659816] scsi target2:0:0: Domain Validation skipping write tests
[    3.665095] scsi target2:0:0: Ending Domain Validation
[    3.669809] scsi target2:0:0: asynchronous
[    3.672883] scsi 2:0:1:0: Direct-Access     VBOX     HARDDISK         1.0  PQ: 0 ANSI: 5
[    3.676448] scsi target2:0:1: Beginning Domain Validation
[    3.680866] scsi target2:0:1: Domain Validation skipping write tests
[    3.683547] scsi target2:0:1: Ending Domain Validation
[    3.698723] scsi target2:0:1: asynchronous
[    3.787772] sd 2:0:0:0: Attached scsi generic sg0 type 0
[    3.789792] sd 2:0:0:0: [sda] 20971520 512-byte logical blocks: (10.7 GB/10.0 GiB)
[    3.792435] sd 2:0:0:0: [sda] Write Protect is off
[    3.794607] sd 2:0:1:0: [sdb] 20480 512-byte logical blocks: (10.5 MB/10.0 MiB)
[    3.797305] sd 2:0:1:0: [sdb] Write Protect is off
[    3.798981] sd 2:0:1:0: Attached scsi generic sg1 type 0
[    3.800796] random: systemd-udevd: uninitialized urandom read (16 bytes read)
[    3.803135] random: systemd-udevd: uninitialized urandom read (16 bytes read)
[    3.805349] sd 2:0:0:0: [sda] Incomplete mode parameter data
[    3.807135] sd 2:0:0:0: [sda] Assuming drive cache: write through
[    3.809162] sd 2:0:1:0: [sdb] Incomplete mode parameter data
[    3.810958] sd 2:0:1:0: [sdb] Assuming drive cache: write through
[    3.819132]  sda: sda1
[    3.820438] random: systemd-udevd: uninitialized urandom read (16 bytes read)
[    3.823545] sd 2:0:0:0: [sda] Attached SCSI disk
[    3.827364] sd 2:0:1:0: [sdb] Attached SCSI disk
[    4.185276] e1000 0000:00:08.0 eth1: (PCI:33MHz:32-bit) 08:00:27:20:d3:31
[    4.187813] e1000 0000:00:08.0 eth1: Intel(R) PRO/1000 Network Connection
[    4.657205] e1000 0000:00:09.0 eth2: (PCI:33MHz:32-bit) 08:00:27:1f:38:87
[    4.659279] e1000 0000:00:09.0 eth2: Intel(R) PRO/1000 Network Connection
[    4.663426] e1000 0000:00:09.0 enp0s9: renamed from eth2
[    4.679122] e1000 0000:00:03.0 enp0s3: renamed from eth0
[    4.683498] e1000 0000:00:08.0 enp0s8: renamed from eth1
Begin: Loading essential drivers ... [    6.696080] raid6: sse2x1   gen()  2671 MB/s
[    6.744457] raid6: sse2x1   xor()  1753 MB/s
[    6.792282] raid6: sse2x2   gen()  5992 MB/s
[    6.840121] raid6: sse2x2   xor()  2818 MB/s
[    6.888055] raid6: sse2x4   gen()  6001 MB/s
[    6.936063] raid6: sse2x4   xor()  3574 MB/s
[    6.938083] raid6: using algorithm sse2x4 gen() 6001 MB/s
[    6.940440] raid6: .... xor() 3574 MB/s, rmw enabled
[    6.942662] raid6: using ssse3x2 recovery algorithm
[    6.950177] xor: automatically using best checksumming function   avx       
[    6.957204] async_tx: api initialized (async)
done.
Begin: Running /scripts/init-premount ... done.
Begin: Mounting root file system ... Begin: Running /scripts/local-top ... done.
Begin: Running /scripts/local-premount ... [    7.091370] Btrfs loaded, crc32c=crc32c-intel
Scanning for Btrfs filesystems
done.
Warning: fsck not present, so skipping root file system
[    7.146915] EXT4-fs (sda1): mounted filesystem with ordered data mode. Opts: (null)
done.
Begin: Running /scripts/local-bottom ... done.
Begin: Running /scripts/init-bottom ... done.
[    7.507378] ip_tables: (C) 2000-2006 Netfilter Core Team
[    7.525259] systemd[1]: systemd 237 running in system mode. (+PAM +AUDIT +SELINUX +IMA +APPARMOR +SMACK +SYSVINIT +UTMP +LIBCRYPTSETUP +GCRYPT +GNUTLS +ACL +XZ +LZ4 +SECCOMP +BLKID +ELFUTILS +KMOD -IDN2 +IDN -PCRE2 default-hierarchy=hybrid)
[    7.532054] systemd[1]: Detected virtualization oracle.
[    7.533785] systemd[1]: Detected architecture x86-64.

Welcome to [1mUbuntu 18.04.5 LTS[0m!

[    7.539960] systemd[1]: Set hostname to <ubuntu-bionic>.
[    8.076538] systemd[1]: Created slice User and Session Slice.
[[0;32m  OK  [0m] Created slice User and Session Slice.
[    8.080258] systemd[1]: Started Forward Password Requests to Wall Directory Watch.
[[0;32m  OK  [0m] Started Forward Password Requests to Wall Directory Watch.
[    8.084510] systemd[1]: Reached target System Time Synchronized.
[[0;32m  OK  [0m] Reached target System Time Synchronized.
[    8.088641] systemd[1]: Created slice System Slice.
[[0;32m  OK  [0m] Created slice System Slice.
[    8.091542] systemd[1]: Listening on /dev/initctl Compatibility Named Pipe.
[[0;32m  OK  [0m] Listening on /dev/initctl Compatibility Named Pipe.
[    8.095473] systemd[1]: Listening on Journal Socket (/dev/log).
[[0;32m  OK  [0m] Listening on Journal Socket (/dev/log).
[[0;32m  OK  [0m] Listening on Journal Audit Socket.
[[0;32m  OK  [0m] Reached target Slices.
[[0;32m  OK  [0m] Listening on Syslog Socket.
[[0;32m  OK  [0m] Listening on udev Control Socket.
[[0;32m  OK  [0m] Listening on LVM2 metadata daemon socket.
[[0;32m  OK  [0m] Listening on Network Service Netlink Socket.
[[0;32m  OK  [0m] Listening on Device-mapper event daemon FIFOs.
[[0;32m  OK  [0m] Set up automount Arbitrary Executab…rmats File System Automount Point.
[[0;32m  OK  [0m] Created slice system-serial\x2dgetty.slice.
[[0;32m  OK  [0m] Listening on Journal Socket.
         Starting Journal Service...
         Starting Uncomplicated firewall...
         Mounting POSIX Message Queue File System...
         Starting Remount Root and Kernel File Systems...
         Mounting Kernel Debug File System...
         Starting Create list of required st…ce nodes for the current kernel...
         Starting Set the console keyboard layout...
         Starting Monitoring of LVM2 mirrors…ng dmeventd or progress polling...
         Starting Load Kernel Modules...
[[0;32m  OK  [0m] Reached target User and Group Name Lookups.
[[0;32m  OK  [0m] Reached target Swap.
[[0;32m  OK  [0m] Listening on udev Kernel Socket.
         Starting udev Coldplug all Devices...
         Mounting Huge Pages File System...
[[0;32m  OK  [0m] Listening on LVM2 poll daemon socket.
[[0;32m  OK  [0m] Started Uncomplicated firewall.
[[0;32m  OK  [0m] Mounted POSIX Message Queue File System.
[[0;32m  OK  [0m] Mounted Kernel Debug File System.
[[0;32m  OK  [0m] Started Create list of required sta…vice nodes for the current kernel.
[[0;32m  OK  [0m] Mounted Huge Pages File System.
[    8.272309] EXT4-fs (sda1): re-mounted. Opts: (null)
[[0;32m  OK  [0m] Started Remount Root and Kernel File Systems.
         Starting Load/Save Random Seed...
         Starting Create Static Device Nodes in /dev...
[    8.390194] Loading iSCSI transport class v2.0-870.
[[0;32m  OK  [0m] Started Create Static Device Nodes in /dev.
         Starting udev Kernel Device Manager...
[[0;32m  OK  [0m] Started Load/Save Random Seed.
[    8.510857] iscsi: registered transport (tcp)
[[0;32m  OK  [0m] Started Journal Service.
         Starting Flush Journal to Persistent Storage...
[[0;32m  OK  [0m] Started udev Kernel Device Manager.
[    8.606510] systemd-journald[423]: Received request to flush runtime journal from PID 1
[[0;32m  OK  [0m] Started LVM2 metadata daemon.
[    8.824378] iscsi: registered transport (iser)
[[0;32m  OK  [0m] Started Load Kernel Modules.
         Mounting FUSE Control File System...
         Starting Apply Kernel Variables...
         Mounting Kernel Configuration File System...
[[0;32m  OK  [0m] Mounted FUSE Control File System.
[[0;32m  OK  [0m] Started Flush Journal to Persistent Storage.
[[0;32m  OK  [0m] Mounted Kernel Configuration File System.
[[0;32m  OK  [0m] Started Monitoring of LVM2 mirrors,…sing dmeventd or progress polling.
[[0;32m  OK  [0m] Started Apply Kernel Variables.
[[0;32m  OK  [0m] Started udev Coldplug all Devices.
[[0;32m  OK  [0m] Started Set the console keyboard layout.
[[0;32m  OK  [0m] Reached target Local File Systems (Pre).
[[0;32m  OK  [0m] Reached target Local File Systems.
         Starting Tell Plymouth To Write Out Runtime Data...
         Starting Create Volatile Files and Directories...
         Starting Set console font and keymap...
         Starting AppArmor initialization...
         Starting ebtables ruleset management...
         Mounting /vagrant...
[[0;32m  OK  [0m] Started Dispatch Password Requests to Console Directory Watch.
[[0;32m  OK  [0m] Reached target Local Encrypted Volumes.
[[0;32m  OK  [0m] Started Tell Plymouth To Write Out Runtime Data.
[[0;32m  OK  [0m] Started Set console font and keymap.
[[0;32m  OK  [0m] Started Create Volatile Files and Directories.
         Starting Update UTMP about System Boot/Shutdown...
[[0;32m  OK  [0m] Mounted /vagrant.
[[0;32m  OK  [0m] Started Update UTMP about System Boot/Shutdown.
[[0;32m  OK  [0m] Started ebtables ruleset management.
[[0;32m  OK  [0m] Started AppArmor initialization.
         Starting Load AppArmor profiles managed internally by snapd...
         Starting Initial cloud-init job (pre-networking)...
[[0;32m  OK  [0m] Started Load AppArmor profiles managed internally by snapd.
[[0;32m  OK  [0m] Found device /dev/ttyS0.
[[0;32m  OK  [0m] Listening on Load/Save RF Kill Switch Status /dev/rfkill Watch.
[   14.251348] cloud-init[541]: Cloud-init v. 20.4.1-0ubuntu1~18.04.1 running 'init-local' at Thu, 11 Feb 2021 18:11:49 +0000. Up 13.87 seconds.
[[0;32m  OK  [0m] Started Initial cloud-init job (pre-networking).
[[0;32m  OK  [0m] Reached target Network (Pre).
         Starting Network Service...
[[0;32m  OK  [0m] Started Network Service.
         Starting Network Name Resolution...
         Starting Wait for Network to be Configured...
[[0;32m  OK  [0m] Started Network Name Resolution.
[[0;32m  OK  [0m] Reached target Network.
[[0;32m  OK  [0m] Reached target Host and Network Name Lookups.
[[0;32m  OK  [0m] Started Wait for Network to be Configured.
         Starting Initial cloud-init job (metadata service crawler)...
[   19.277533] cloud-init[688]: Cloud-init v. 20.4.1-0ubuntu1~18.04.1 running 'init' at Thu, 11 Feb 2021 18:11:54 +0000. Up 18.80 seconds.
[   19.289564] cloud-init[688]: ci-info: ++++++++++++++++++++++++++++++++++++++Net device info+++++++++++++++++++++++++++++++++++++++
[   19.296569] cloud-init[688]: ci-info: +--------+------+-----------------------------+---------------+--------+-------------------+
[   19.303367] cloud-init[688]: ci-info: | Device |  Up  |           Address           |      Mask     | Scope  |     Hw-Address    |
[   19.310992] cloud-init[688]: ci-info: +--------+------+-----------------------------+---------------+--------+-------------------+
[   19.320596] cloud-init[688]: ci-info: | enp0s3 | True |          10.0.2.15          | 255.255.255.0 | global | 02:9d:c8:d0:97:b6 |
[   19.330796] cloud-init[688]: ci-info: | enp0s3 | True |  fe80::9d:c8ff:fed0:97b6/64 |       .       |  link  | 02:9d:c8:d0:97:b6 |
[   19.337002] cloud-init[688]: ci-info: | enp0s8 | True |        192.168.33.10        | 255.255.255.0 | global | 08:00:27:20:d3:31 |
[   19.343108] cloud-init[688]: ci-info: | enp0s8 | True | fe80::a00:27ff:fe20:d331/64 |       .       |  link  | 08:00:27:20:d3:31 |
[   19.348531] cloud-init[688]: ci-info: | enp0s9 | True |        192.168.8.155        | 255.255.255.0 | global | 08:00:27:1f:38:87 |
[   19.354604] cloud-init[688]: ci-info: | enp0s9 | True | fe80::a00:27ff:fe1f:3887/64 |       .       |  link  | 08:00:27:1f:38:87 |
[   19.360339] cloud-init[688]: ci-info: |   lo   | True |          127.0.0.1          |   255.0.0.0   |  host  |         .         |
[   19.366078] cloud-init[688]: ci-info: |   lo   | True |           ::1/128           |       .       |  host  |         .         |
[   19.371581] cloud-init[688]: ci-info: +--------+------+-----------------------------+---------------+--------+-------------------+
[   19.376683] cloud-init[688]: ci-info: ++++++++++++++++++++++++++++++Route IPv4 info+++++++++++++++++++++++++++++++
[   19.380583] cloud-init[688]: ci-info: +-------+--------------+-------------+-----------------+-----------+-------+
[   19.387676] cloud-init[688]: ci-info: | Route | Destination  |   Gateway   |     Genmask     | Interface | Flags |
[   19.392299] cloud-init[688]: ci-info: +-------+--------------+-------------+-----------------+-----------+-------+
[   19.395478] cloud-init[688]: ci-info: |   0   |   0.0.0.0    |   10.0.2.2  |     0.0.0.0     |   enp0s3  |   UG  |
[   19.398614] cloud-init[688]: ci-info: |   1   |   0.0.0.0    | 192.168.8.1 |     0.0.0.0     |   enp0s9  |   UG  |
[   19.402045] cloud-init[688]: ci-info: |   2   |   10.0.2.0   |   0.0.0.0   |  255.255.255.0  |   enp0s3  |   U   |
[   19.407612] cloud-init[688]: ci-info: |   3   |   10.0.2.2   |   0.0.0.0   | 255.255.255.255 |   enp0s3  |   UH  |
[   19.414079] cloud-init[688]: ci-info: |   4   | 192.168.8.0  |   0.0.0.0   |  255.255.255.0  |   enp0s9  |   U   |
[   19.418011] cloud-init[688]: ci-info: |   5   | 192.168.8.1  |   0.0.0.0   | 255.255.255.255 |   enp0s9  |   UH  |
[   19.428591] cloud-init[688]: ci-info: |   6   | 192.168.33.0 |   0.0.0.0   |  255.255.255.0  |   enp0s8  |   U   |
[   19.435131] cloud-init[688]: ci-info: +-------+--------------+-------------+-----------------+-----------+-------+
[   19.439491] cloud-init[688]: ci-info: +++++++++++++++++++Route IPv6 info+++++++++++++++++++
[   19.448422] cloud-init[688]: ci-info: +-------+-------------+---------+-----------+-------+
[   19.455805] cloud-init[688]: ci-info: | Route | Destination | Gateway | Interface | Flags |
[   19.460818] cloud-init[688]: ci-info: +-------+-------------+---------+-----------+-------+
[   19.467349] cloud-init[688]: ci-info: |   1   |  fe80::/64  |    ::   |   enp0s9  |   U   |
[   19.472813] cloud-init[688]: ci-info: |   2   |  fe80::/64  |    ::   |   enp0s8  |   U   |
[   19.477712] cloud-init[688]: ci-info: |   3   |  fe80::/64  |    ::   |   enp0s3  |   U   |
[   19.482262] cloud-init[688]: ci-info: |   5   |    local    |    ::   |   enp0s3  |   U   |
[   19.485416] cloud-init[688]: ci-info: |   6   |    local    |    ::   |   enp0s9  |   U   |
[   19.488474] cloud-init[688]: ci-info: |   7   |    local    |    ::   |   enp0s8  |   U   |
[   19.491836] cloud-init[688]: ci-info: |   8   |   ff00::/8  |    ::   |   enp0s9  |   U   |
[   19.495330] cloud-init[688]: ci-info: |   9   |   ff00::/8  |    ::   |   enp0s8  |   U   |
[   19.500461] cloud-init[688]: ci-info: |   10  |   ff00::/8  |    ::   |   enp0s3  |   U   |
[   19.505476] cloud-init[688]: ci-info: +-------+-------------+---------+-----------+-------+
[[0;32m  OK  [0m] Started Initial cloud-init job (metadata service crawler).
[[0;32m  OK  [0m] Reached target Network is Online.
         Starting Availability of block devices...
[[0;32m  OK  [0m] Reached target Remote File Systems (Pre).
[[0;32m  OK  [0m] Reached target Remote File Systems.
[[0;32m  OK  [0m] Reached target System Initialization.
[[0;32m  OK  [0m] Started Discard unused blocks once a week.
         Starting Socket activation for snappy daemon.
[[0;32m  OK  [0m] Listening on D-Bus System Message Bus Socket.
[[0;32m  OK  [0m] Started Message of the Day.
[[0;32m  OK  [0m] Listening on ACPID Listen Socket.
[[0;32m  OK  [0m] Listening on Open-iSCSI iscsid Socket.
[[0;32m  OK  [0m] Listening on UUID daemon activation socket.
[[0;32m  OK  [0m] Started Daily Cleanup of Temporary Directories.
         Starting LXD - unix socket.
[[0;32m  OK  [0m] Started Daily apt download activities.
[[0;32m  OK  [0m] Started Daily apt upgrade and clean activities.
[[0;32m  OK  [0m] Reached target Timers.
         Starting Docker Socket for the API.
[[0;32m  OK  [0m] Started ACPI Events Check.
[[0;32m  OK  [0m] Reached target Paths.
[[0;32m  OK  [0m] Reached target Cloud-config availability.
[[0;32m  OK  [0m] Started Availability of block devices.
[[0;32m  OK  [0m] Listening on Socket activation for snappy daemon.
[[0;32m  OK  [0m] Listening on LXD - unix socket.
[[0;32m  OK  [0m] Listening on Docker Socket for the API.
[[0;32m  OK  [0m] Reached target Sockets.
[[0;32m  OK  [0m] Reached target Basic System.
         Starting Login Service...
         Starting Dispatcher daemon for systemd-networkd...
         Starting Permit User Sessions...
         Starting System Logging Service...
[[0;32m  OK  [0m] Started FUSE filesystem for LXC.
         Starting LSB: automatic crash report generation...
         Starting Message of the Day...
[[0;32m  OK  [0m] Started irqbalance daemon.
[[0;32m  OK  [0m] Started Deferred execution scheduler.
         Starting The Apache HTTP Server...
         Starting Snap Daemon...
[[0;32m  OK  [0m] Started D-Bus System Message Bus.
[[0;32m  OK  [0m] Started Login Service.
[[0;32m  OK  [0m] Started Unattended Upgrades Shutdown.
         Starting Virtualbox guest utils...
         Starting Accounts Service...
         Starting containerd container runtime...
         Starting OpenBSD Secure Shell server...
         Starting LXD - container startup/shutdown...
[[0;32m  OK  [0m] Started Regular background program processing daemon.
[[0;32m  OK  [0m] Started The plugin-driven server ag…r reporting metrics into InfluxDB.
         Starting LSB: Record successful boot for GRUB...
[[0;32m  OK  [0m] Started System Logging Service.
[[0;32m  OK  [0m] Started Permit User Sessions.
         Starting Hostname Service...
         Starting Terminate Plymouth Boot Screen...
         Starting Hold until boot process finishes up...
[[0;32m  OK  [0m] Started Terminate Plymouth Boot Screen.
[[0;32m  OK  [0m] Started LSB: automatic crash report generation.
[[0;32m  OK  [0m] Started Hold until boot process finishes up.
         Starting Set console scheme...
[[0;32m  OK  [0m] Started Serial Getty on ttyS0.
[[0;32m  OK  [0m] Started Set console scheme.
[[0;32m  OK  [0m] Created slice system-getty.slice.
[[0;32m  OK  [0m] Started Getty on tty1.
[[0;32m  OK  [0m] Reached target Login Prompts.
         Starting Authorization Manager...
[[0;32m  OK  [0m] Started Hostname Service.
[[0;32m  OK  [0m] Started LSB: Record successful boot for GRUB.
[[0;32m  OK  [0m] Started OpenBSD Secure Shell server.
[[0;32m  OK  [0m] Started Authorization Manager.
[[0;32m  OK  [0m] Started Accounts Service.
[[0;32m  OK  [0m] Started The Apache HTTP Server.
[[0;32m  OK  [0m] Started LXD - container startup/shutdown.
[[0;32m  OK  [0m] Started Virtualbox guest utils.
[[0;32m  OK  [0m] Created slice User Slice of vagrant.
         Starting User Manager for UID 1000...
[[0;32m  OK  [0m] Started Session 1 of user vagrant.
[[0;32m  OK  [0m] Started User Manager for UID 1000.
[[0;32m  OK  [0m] Started Dispatcher daemon for systemd-networkd.
[[0;32m  OK  [0m] Started Snap Daemon.
         Starting Wait until snapd is fully seeded...

Ubuntu 18.04.5 LTS ubuntu-bionic ttyS0

ubuntu-bionic login: [   41.293794] cloud-init[1095]: Cloud-init v. 20.4.1-0ubuntu1~18.04.1 running 'modules:config' at Thu, 11 Feb 2021 18:12:15 +0000. Up 39.79 seconds.
[   49.106215] cloud-init[1732]: Cloud-init v. 20.4.1-0ubuntu1~18.04.1 running 'modules:final' at Thu, 11 Feb 2021 18:12:24 +0000. Up 48.79 seconds.
[   49.112125] cloud-init[1732]: Cloud-init v. 20.4.1-0ubuntu1~18.04.1 finished at Thu, 11 Feb 2021 18:12:24 +0000. Datasource DataSourceNoCloud [seed=/dev/sdb][dsmode=net].  Up 49.09 seconds
         Starting Load AppArmor profiles managed internally by snapd...
         Starting Socket activation for snappy daemon.
[[0;32m  OK  [0m] Listening on Socket activation for snappy daemon.
         Starting Wait until snapd is fully seeded...
         Starting Snap Daemon...
[[0;32m  OK  [0m] Started Load AppArmor profiles managed internally by snapd.
[[0;32m  OK  [0m] Started Snap Daemon.
[[0;32m  OK  [0m] Started Wait until snapd is fully seeded.
[[0;32m  OK  [0m] Started Daily apt upgrade and clean activities.
[[0;32m  OK  [0m] Stopped Unattended Upgrades Shutdown.
[[0;32m  OK  [0m] Stopped target Graphical Interface.
[[0;32m  OK  [0m] Closed Load/Save RF Kill Switch Status /dev/rfkill Watch.
         Stopping User Manager for UID 1000...
[[0;32m  OK  [0m] Stopped target Timers.
[[0;32m  OK  [0m] Stopped Message of the Day.
[[0;32m  OK  [0m] Stopped target Cloud-init target.
[[0;32m  OK  [0m] Stopped Daily Cleanup of Temporary Directories.
         Stopping Authorization Manager...
         Stopping Availability of block devices...
[[0;32m  OK  [0m] Stopped Execute cloud user/final scripts.
         Stopping Accounts Service...
         Unmounting /vagrant...
[[0;32m  OK  [0m] Stopped Discard unused blocks once a week.
[[0;32m  OK  [0m] Stopped Apply the settings specified in cloud-config.
[[0;32m  OK  [0m] Stopped target Multi-User System.
         Stopping Dispatcher daemon for systemd-networkd...
         Stopping Deferred execution scheduler...
         Stopping The Apache HTTP Server...
         Stopping Regular background program processing daemon...
         Stopping LSB: automatic crash report generation...
         Stopping LXD - container startup/shutdown...
         Stopping System Logging Service...
         Stopping LSB: Record successful boot for GRUB...
         Stopping OpenBSD Secure Shell server...
         Stopping The plugin-driven server a…reporting metrics into InfluxDB...
         Stopping FUSE filesystem for LXC...
[[0;32m  OK  [0m] Stopped Wait until snapd is fully seeded.
         Stopping Virtualbox guest utils...
         Stopping D-Bus System Message Bus...
         Stopping Docker Application Container Engine...
[[0;32m  OK  [0m] Stopped target Cloud-config availability.
[[0;32m  OK  [0m] Stopped Daily apt upgrade and clean activities.
[[0;32m  OK  [0m] Stopped Daily apt download activities.
[[0;32m  OK  [0m] Stopped target System Time Synchronized.
[[0;32m  OK  [0m] Stopped target Login Prompts.
         Stopping Getty on tty1...
         Stopping Serial Getty on ttyS0...
         Stopping Session 10 of user vagrant.
[[0;32m  OK  [0m] Stopped Dispatcher daemon for systemd-networkd.
[[0;32m  OK  [0m] Stopped Deferred execution scheduler.
[[0;32m  OK  [0m] Unmounted /var/lib/lxcfs.
[[0;32m  OK  [0m] Stopped System Logging Service.
[[0;32m  OK  [0m] Stopped Accounts Service.
[[0;32m  OK  [0m] Stopped Regular background program processing daemon.
[[0;32m  OK  [0m] Stopped Serial Getty on ttyS0.
[[0;32m  OK  [0m] Stopped Getty on tty1.
[[0;32m  OK  [0m] Stopped Authorization Manager.
[[0;32m  OK  [0m] Stopped OpenBSD Secure Shell server.
[[0;32m  OK  [0m] Stopped User Manager for UID 1000.
[[0;32m  OK  [0m] Stopped D-Bus System Message Bus.
[[0;32m  OK  [0m] Stopped FUSE filesystem for LXC.
[[0;32m  OK  [0m] Unmounted /vagrant.
[[0;32m  OK  [0m] Stopped Session 10 of user vagrant.
[[0;32m  OK  [0m] Stopped The plugin-driven server ag…r reporting metrics into InfluxDB.
[[0;32m  OK  [0m] Stopped Docker Application Container Engine.
[[0;32m  OK  [0m] Stopped Availability of block devices.
[[0;32m  OK  [0m] Stopped LXD - container startup/shutdown.
[[0;32m  OK  [0m] Stopped target Network is Online.
         Stopping containerd container runtime...
[[0;32m  OK  [0m] Removed slice User Slice of vagrant.
         Stopping Login Service...
[[0;32m  OK  [0m] Removed slice system-getty.slice.
         Stopping Permit User Sessions...
[[0;32m  OK  [0m] Removed slice system-serial\x2dgetty.slice.
[[0;32m  OK  [0m] Stopped Login Service.
[[0;32m  OK  [0m] Stopped Permit User Sessions.
[[0;32m  OK  [0m] Stopped target User and Group Name Lookups.
[[0;32m  OK  [0m] Stopped The Apache HTTP Server.
[[0;32m  OK  [0m] Stopped target Host and Network Name Lookups.
[[0;32m  OK  [0m] Stopped LSB: Record successful boot for GRUB.
[[0;32m  OK  [0m] Stopped containerd container runtime.
[[0;32m  OK  [0m] Stopped target Network.
         Stopping Network Name Resolution...
[[0;32m  OK  [0m] Stopped Network Name Resolution.
[[0;32m  OK  [0m] Stopped LSB: automatic crash report generation.
[[0;32m  OK  [0m] Stopped target Remote File Systems.
[[0;32m  OK  [0m] Stopped target Remote File Systems (Pre).
         Stopping Network Service...
[[0;32m  OK  [0m] Stopped Network Service.
[[0;32m  OK  [0m] Stopped target Network (Pre).
[[0;32m  OK  [0m] Stopped Virtualbox guest utils.
[[0;32m  OK  [0m] Stopped target Basic System.
[[0;32m  OK  [0m] Stopped target Slices.
[[0;32m  OK  [0m] Removed slice User and Session Slice.
[[0;32m  OK  [0m] Stopped target Sockets.
[[0;32m  OK  [0m] Closed Open-iSCSI iscsid Socket.
[[0;32m  OK  [0m] Closed UUID daemon activation socket.
[[0;32m  OK  [0m] Closed ACPID Listen Socket.
[[0;32m  OK  [0m] Closed Socket activation for snappy daemon.
[[0;32m  OK  [0m] Closed Docker Socket for the API.
[[0;32m  OK  [0m] Closed LXD - unix socket.
[[0;32m  OK  [0m] Closed Syslog Socket.
[[0;32m  OK  [0m] Closed D-Bus System Message Bus Socket.
[[0;32m  OK  [0m] Stopped target Paths.
[[0;32m  OK  [0m] Stopped ACPI Events Check.
[[0;32m  OK  [0m] Stopped target System Initialization.
[[0;32m  OK  [0m] Stopped Initial cloud-init job (metadata service crawler).
[[0;32m  OK  [0m] Stopped target Local Encrypted Volumes.
[[0;32m  OK  [0m] Stopped Forward Password Requests to Wall Directory Watch.
[[0;32m  OK  [0m] Stopped Dispatch Password Requests to Console Directory Watch.
         Stopping Update UTMP about System Boot/Shutdown...
         Stopping Load/Save Random Seed...
[[0;32m  OK  [0m] Stopped Initial cloud-init job (pre-networking).
[[0;32m  OK  [0m] Stopped Apply Kernel Variables.
[[0;32m  OK  [0m] Stopped Load Kernel Modules.
[[0;32m  OK  [0m] Stopped Update UTMP about System Boot/Shutdown.
[[0;32m  OK  [0m] Stopped Load/Save Random Seed.
[[0;32m  OK  [0m] Stopped Create Volatile Files and Directories.
[[0;32m  OK  [0m] Stopped target Local File Systems.
         Unmounting /run/user/1000...
[[0;32m  OK  [0m] Unmounted /run/user/1000.
[[0;32m  OK  [0m] Reached target Unmount All Filesystems.
[[0;32m  OK  [0m] Stopped target Swap.
[[0;32m  OK  [0m] Stopped target Local File Systems (Pre).
[[0;32m  OK  [0m] Stopped Remount Root and Kernel File Systems.
         Stopping Monitoring of LVM2 mirrors…ng dmeventd or progress polling...
[[0;32m  OK  [0m] Stopped Create Static Device Nodes in /dev.
[[0;32m  OK  [0m] Reached target Shutdown.
[[0;32m  OK  [0m] Reached target Final Step.
         Starting Power-Off...
[17829.929013] reboot: Power down
